# JRE version: OpenJDK Runtime Environment (8.0_202-b03) (build 1.8.0_202-release-1483-b03)
# Java VM: OpenJDK 64-Bit Server VM (25.202-b03 mixed mode windows-amd64 compressed oops)
Heap:
 PSYoungGen      total 123392K, used 81083K [0x00000000e0000000, 0x00000000eaf80000, 0x0000000100000000)
  eden space 98816K, 57% used [0x00000000e0000000,0x00000000e373a558,0x00000000e6080000)
  from space 24576K, 99% used [0x00000000e6180000,0x00000000e7974a80,0x00000000e7980000)
  to   space 40448K, 0% used [0x00000000e8800000,0x00000000e8800000,0x00000000eaf80000)
 ParOldGen       total 267264K, used 78985K [0x00000000a0000000, 0x00000000b0500000, 0x00000000e0000000)
  object space 267264K, 29% used [0x00000000a0000000,0x00000000a4d227d0,0x00000000b0500000)
 Metaspace       used 86543K, capacity 91186K, committed 91480K, reserved 1128448K
  class space    used 11293K, capacity 12120K, committed 12160K, reserved 1048576K
GC Heap History (10 events):
Event: 2788.730 GC heap before
{Heap before GC invocations=24 (full 3):
 PSYoungGen      total 131072K, used 128247K [0x00000000e0000000, 0x00000000ebc80000, 0x0000000100000000)
  eden space 103936K, 100% used [0x00000000e0000000,0x00000000e6580000,0x00000000e6580000)
  from space 27136K, 89% used [0x00000000ea200000,0x00000000eb9bdfe8,0x00000000ebc80000)
  to   space 44544K, 0% used [0x00000000e6580000,0x00000000e6580000,0x00000000e9100000)
 ParOldGen       total 267264K, used 78945K [0x00000000a0000000, 0x00000000b0500000, 0x00000000e0000000)
  object space 267264K, 29% used [0x00000000a0000000,0x00000000a4d187d0,0x00000000b0500000)
 Metaspace       used 85394K, capacity 89148K, committed 89432K, reserved 1126400K
  class space    used 11156K, capacity 11869K, committed 11904K, reserved 1048576K
Event: 2788.760 GC heap after
Heap after GC invocations=24 (full 3):
 PSYoungGen      total 148480K, used 24754K [0x00000000e0000000, 0x00000000ec800000, 0x0000000100000000)
  eden space 103936K, 0% used [0x00000000e0000000,0x00000000e0000000,0x00000000e6580000)
  from space 44544K, 55% used [0x00000000e6580000,0x00000000e7dac858,0x00000000e9100000)
  to   space 43520K, 0% used [0x00000000e9d80000,0x00000000e9d80000,0x00000000ec800000)
 ParOldGen       total 267264K, used 78953K [0x00000000a0000000, 0x00000000b0500000, 0x00000000e0000000)
  object space 267264K, 29% used [0x00000000a0000000,0x00000000a4d1a7d0,0x00000000b0500000)
 Metaspace       used 85394K, capacity 89148K, committed 89432K, reserved 1126400K
  class space    used 11156K, capacity 11869K, committed 11904K, reserved 1048576K
}
Event: 2855.526 GC heap before
{Heap before GC invocations=25 (full 3):
 PSYoungGen      total 148480K, used 128690K [0x00000000e0000000, 0x00000000ec800000, 0x0000000100000000)
  eden space 103936K, 100% used [0x00000000e0000000,0x00000000e6580000,0x00000000e6580000)
  from space 44544K, 55% used [0x00000000e6580000,0x00000000e7dac858,0x00000000e9100000)
  to   space 43520K, 0% used [0x00000000e9d80000,0x00000000e9d80000,0x00000000ec800000)
 ParOldGen       total 267264K, used 78953K [0x00000000a0000000, 0x00000000b0500000, 0x00000000e0000000)
  object space 267264K, 29% used [0x00000000a0000000,0x00000000a4d1a7d0,0x00000000b0500000)
 Metaspace       used 85575K, capacity 89452K, committed 89688K, reserved 1126400K
  class space    used 11171K, capacity 11897K, committed 11904K, reserved 1048576K
Event: 2855.544 GC heap after
Heap after GC invocations=25 (full 3):
 PSYoungGen      total 128512K, used 25512K [0x00000000e0000000, 0x00000000eb700000, 0x0000000100000000)
  eden space 102400K, 0% used [0x00000000e0000000,0x00000000e0000000,0x00000000e6400000)
  from space 26112K, 97% used [0x00000000e9d80000,0x00000000eb66a128,0x00000000eb700000)
  to   space 42496K, 0% used [0x00000000e6400000,0x00000000e6400000,0x00000000e8d80000)
 ParOldGen       total 267264K, used 78961K [0x00000000a0000000, 0x00000000b0500000, 0x00000000e0000000)
  object space 267264K, 29% used [0x00000000a0000000,0x00000000a4d1c7d0,0x00000000b0500000)
 Metaspace       used 85575K, capacity 89452K, committed 89688K, reserved 1126400K
  class space    used 11171K, capacity 11897K, committed 11904K, reserved 1048576K
}
Event: 2886.523 GC heap before
{Heap before GC invocations=26 (full 3):
 PSYoungGen      total 128512K, used 127912K [0x00000000e0000000, 0x00000000eb700000, 0x0000000100000000)
  eden space 102400K, 100% used [0x00000000e0000000,0x00000000e6400000,0x00000000e6400000)
  from space 26112K, 97% used [0x00000000e9d80000,0x00000000eb66a128,0x00000000eb700000)
  to   space 42496K, 0% used [0x00000000e6400000,0x00000000e6400000,0x00000000e8d80000)
 ParOldGen       total 267264K, used 78961K [0x00000000a0000000, 0x00000000b0500000, 0x00000000e0000000)
  object space 267264K, 29% used [0x00000000a0000000,0x00000000a4d1c7d0,0x00000000b0500000)
 Metaspace       used 85921K, capacity 90050K, committed 90328K, reserved 1128448K
  class space    used 11213K, capacity 11974K, committed 12032K, reserved 1048576K
Event: 2886.545 GC heap after
Heap after GC invocations=26 (full 3):
 PSYoungGen      total 143360K, used 32043K [0x00000000e0000000, 0x00000000eb880000, 0x0000000100000000)
  eden space 100864K, 0% used [0x00000000e0000000,0x00000000e0000000,0x00000000e6280000)
  from space 42496K, 75% used [0x00000000e6400000,0x00000000e834ae20,0x00000000e8d80000)
  to   space 44032K, 0% used [0x00000000e8d80000,0x00000000e8d80000,0x00000000eb880000)
 ParOldGen       total 267264K, used 78969K [0x00000000a0000000, 0x00000000b0500000, 0x00000000e0000000)
  object space 267264K, 29% used [0x00000000a0000000,0x00000000a4d1e7d0,0x00000000b0500000)
 Metaspace       used 85921K, capacity 90050K, committed 90328K, reserved 1128448K
  class space    used 11213K, capacity 11974K, committed 12032K, reserved 1048576K
}
Event: 2920.931 GC heap before
{Heap before GC invocations=27 (full 3):
 PSYoungGen      total 143360K, used 132907K [0x00000000e0000000, 0x00000000eb880000, 0x0000000100000000)
  eden space 100864K, 100% used [0x00000000e0000000,0x00000000e6280000,0x00000000e6280000)
  from space 42496K, 75% used [0x00000000e6400000,0x00000000e834ae20,0x00000000e8d80000)
  to   space 44032K, 0% used [0x00000000e8d80000,0x00000000e8d80000,0x00000000eb880000)
 ParOldGen       total 267264K, used 78969K [0x00000000a0000000, 0x00000000b0500000, 0x00000000e0000000)
  object space 267264K, 29% used [0x00000000a0000000,0x00000000a4d1e7d0,0x00000000b0500000)
 Metaspace       used 86090K, capacity 90212K, committed 90328K, reserved 1128448K
  class space    used 11216K, capacity 11979K, committed 12032K, reserved 1048576K
Event: 2920.954 GC heap after
Heap after GC invocations=27 (full 3):
 PSYoungGen      total 138752K, used 23828K [0x00000000e0000000, 0x00000000eb380000, 0x0000000100000000)
  eden space 99840K, 0% used [0x00000000e0000000,0x00000000e0000000,0x00000000e6180000)
  from space 38912K, 61% used [0x00000000e8d80000,0x00000000ea4c5238,0x00000000eb380000)
  to   space 41984K, 0% used [0x00000000e6180000,0x00000000e6180000,0x00000000e8a80000)
 ParOldGen       total 267264K, used 78977K [0x00000000a0000000, 0x00000000b0500000, 0x00000000e0000000)
  object space 267264K, 29% used [0x00000000a0000000,0x00000000a4d207d0,0x00000000b0500000)
 Metaspace       used 86090K, capacity 90212K, committed 90328K, reserved 1128448K
  class space    used 11216K, capacity 11979K, committed 12032K, reserved 1048576K
}
Event: 2922.445 GC heap before
{Heap before GC invocations=28 (full 3):
 PSYoungGen      total 138752K, used 123668K [0x00000000e0000000, 0x00000000eb380000, 0x0000000100000000)
  eden space 99840K, 100% used [0x00000000e0000000,0x00000000e6180000,0x00000000e6180000)
  from space 38912K, 61% used [0x00000000e8d80000,0x00000000ea4c5238,0x00000000eb380000)
  to   space 41984K, 0% used [0x00000000e6180000,0x00000000e6180000,0x00000000e8a80000)
 ParOldGen       total 267264K, used 78977K [0x00000000a0000000, 0x00000000b0500000, 0x00000000e0000000)
  object space 267264K, 29% used [0x00000000a0000000,0x00000000a4d207d0,0x00000000b0500000)
 Metaspace       used 86393K, capacity 90972K, committed 91224K, reserved 1128448K
  class space    used 11279K, capacity 12095K, committed 12160K, reserved 1048576K
Event: 2922.468 GC heap after
Heap after GC invocations=28 (full 3):
 PSYoungGen      total 123392K, used 24530K [0x00000000e0000000, 0x00000000eaf80000, 0x0000000100000000)
  eden space 98816K, 0% used [0x00000000e0000000,0x00000000e0000000,0x00000000e6080000)
  from space 24576K, 99% used [0x00000000e6180000,0x00000000e7974a80,0x00000000e7980000)
  to   space 40448K, 0% used [0x00000000e8800000,0x00000000e8800000,0x00000000eaf80000)
 ParOldGen       total 267264K, used 78985K [0x00000000a0000000, 0x00000000b0500000, 0x00000000e0000000)
  object space 267264K, 29% used [0x00000000a0000000,0x00000000a4d227d0,0x00000000b0500000)
 Metaspace       used 86393K, capacity 90972K, committed 91224K, reserved 1128448K
  class space    used 11279K, capacity 12095K, committed 12160K, reserved 1048576K
}

